2019-05-10 14:32:58,891 Thread-3:Start of txt observer
2019-05-10 14:32:58,894 Thread-1:Start of tar observer
2019-05-10 14:33:45,623 Thread-3:Start of txt observer
2019-05-10 14:33:45,624 Thread-1:Start of tar observer
2019-05-10 14:34:30,319 Thread-3:Start of txt observer
2019-05-10 14:34:30,328 Thread-1:Start of tar observer
2019-05-10 14:36:05,052 Thread-3:Start of txt observer
2019-05-10 14:36:05,052 Thread-1:Start of tar observer
2019-05-10 14:36:15,215 Thread-1:Start of tar observer
2019-05-10 14:36:15,223 Thread-3:Start of txt observer
2019-05-10 14:37:50,697 Thread-3:Start of txt observer
2019-05-10 14:37:50,698 Thread-1:Start of tar observer
2019-05-10 14:38:09,283 Thread-3:Start of txt observer
2019-05-10 14:38:09,294 Thread-1:Start of tar observer
2019-05-10 14:38:51,461 Thread-3:Start of txt observer
2019-05-10 14:38:51,462 Thread-1:Start of tar observer
2019-05-10 14:57:57,724 Thread-11:Not Found: /if/data/
2019-05-10 14:58:55,055 Thread-13:Not Found: /if/data/
2019-05-10 15:09:18,621 Thread-3:Start of txt observer
2019-05-10 15:09:18,622 Thread-1:Start of tar observer
2019-05-10 15:16:26,834 Thread-3:Start of txt observer
2019-05-10 15:16:26,836 Thread-1:Start of tar observer
2019-05-10 15:20:59,354 Thread-11:Not Found: /if/data/
2019-05-10 15:26:30,456 Thread-13:Not Found: /if/data/
2019-05-10 15:28:32,951 Thread-15:Not Found: /if/data/
2019-05-10 15:36:02,663 Thread-17:Not Found: /if/data/
2019-05-10 15:36:33,446 Thread-19:Not Found: /if/data/
2019-05-10 15:38:30,256 Thread-28:Not Found: /if/data/
2019-05-10 15:40:58,344 Thread-3:Start of txt observer
2019-05-10 15:40:58,350 Thread-1:Start of tar observer
2019-05-10 15:52:28,528 Thread-3:Start of txt observer
2019-05-10 15:52:28,528 Thread-1:Start of tar observer
2019-05-10 15:54:40,477 Thread-3:Start of txt observer
2019-05-10 15:54:40,483 Thread-1:Start of tar observer
2019-05-10 15:55:24,890 Thread-3:Start of txt observer
2019-05-10 15:55:24,890 Thread-1:Start of tar observer
2019-05-10 15:58:31,415 Thread-3:Start of txt observer
2019-05-10 15:58:31,415 Thread-1:Start of tar observer
2019-05-10 15:58:52,166 Thread-3:Start of txt observer
2019-05-10 15:58:52,171 Thread-1:Start of tar observer
2019-05-10 16:07:10,815 Thread-12:Not Found: /if/data/
2019-05-10 16:11:34,451 Thread-14:Not Found: /if/data/
2019-05-10 16:19:39,584 Thread-16:Not Found: /if/data/
2019-05-10 16:34:04,552 Thread-3:Start of txt observer
2019-05-10 16:34:04,553 Thread-1:Start of tar observer
2019-05-10 16:35:14,613 Thread-3:Start of txt observer
2019-05-10 16:35:14,613 Thread-1:Start of tar observer
2019-05-10 16:36:09,655 Thread-3:Start of txt observer
2019-05-10 16:36:09,655 Thread-1:Start of tar observer
2019-05-10 16:38:14,617 Thread-14:Not Found: /if/data/
2019-05-10 16:38:42,568 Thread-16:Not Found: /if/data/
2019-05-10 16:39:18,460 Thread-18:Not Found: /if/data/
2019-05-10 16:39:37,504 Thread-20:Not Found: /if/data/
2019-05-10 16:39:49,879 Thread-3:Start of txt observer
2019-05-10 16:39:49,880 Thread-1:Start of tar observer
2019-05-10 16:39:55,073 Thread-3:Start of txt observer
2019-05-10 16:39:55,073 Thread-1:Start of tar observer
2019-05-10 16:39:58,381 Thread-3:Start of txt observer
2019-05-10 16:39:58,386 Thread-1:Start of tar observer
2019-05-10 16:51:01,609 Thread-11:Not Found: /if/data/
2019-05-10 16:52:50,734 Thread-13:Not Found: /if/data/
2019-05-10 16:53:19,423 Thread-15:Not Found: /if/data/
2019-05-10 16:53:35,964 Thread-17:Not Found: /if/data/
2019-05-10 16:53:51,099 Thread-19:Not Found: /if/data/
2019-05-10 16:54:49,989 Thread-23:Not Found: /if/data/
2019-05-10 16:55:24,669 Thread-25:Not Found: /if/data/
2019-05-13 09:04:46,227 Thread-3:Start of txt observer
2019-05-13 09:04:46,227 Thread-1:Start of tar observer
2019-05-13 10:30:46,214 Thread-17:Not Found: /favicon.ico
2019-05-13 10:58:32,350 Thread-19:Not Found: /if/data/
2019-05-13 11:04:41,625 Thread-21:Not Found: /if/data/
2019-05-13 11:10:47,359 Thread-23:Not Found: /if/data/
2019-05-13 11:11:08,954 Thread-25:Not Found: /if/data/
2019-05-13 11:11:22,161 Thread-27:Not Found: /if/data/
2019-05-13 11:19:02,859 Thread-29:Not Found: /if/data/
2019-05-13 12:28:14,025 Thread-31:Not Found: /if/data/
2019-05-13 12:47:09,459 Thread-3:Start of txt observer
2019-05-13 12:47:09,461 Thread-1:Start of tar observer
2019-05-13 12:47:24,061 Thread-3:Start of txt observer
2019-05-13 12:47:24,061 Thread-1:Start of tar observer
2019-05-13 12:57:06,547 Thread-3:Start of txt observer
2019-05-13 12:57:06,548 Thread-1:Start of tar observer
2019-05-13 13:01:39,789 Thread-11:Not Found: /if/data/
2019-05-13 14:02:13,841 Thread-3:Start of txt observer
2019-05-13 14:02:13,846 Thread-1:Start of tar observer
2019-05-13 14:06:47,819 Thread-1:Start of tar observer
2019-05-13 14:06:47,833 Thread-3:Start of txt observer
2019-05-13 14:06:58,918 Thread-3:Start of txt observer
2019-05-13 14:06:58,931 Thread-1:Start of tar observer
2019-05-13 14:07:03,956 Thread-3:Start of txt observer
2019-05-13 14:07:03,962 Thread-1:Start of tar observer
2019-05-13 14:21:17,385 Thread-3:Start of txt observer
2019-05-13 14:21:17,390 Thread-1:Start of tar observer
2019-05-13 14:21:21,393 Thread-3:Start of txt observer
2019-05-13 14:21:21,399 Thread-1:Start of tar observer
2019-05-13 14:32:48,796 Thread-3:Start of txt observer
2019-05-13 14:32:48,800 Thread-1:Start of tar observer
2019-05-13 14:32:52,007 Thread-3:Start of txt observer
2019-05-13 14:32:52,011 Thread-1:Start of tar observer
2019-05-13 14:33:04,456 Thread-3:Start of txt observer
2019-05-13 14:33:04,457 Thread-1:Start of tar observer
2019-05-13 14:41:04,629 Thread-3:Start of txt observer
2019-05-13 14:41:04,629 Thread-1:Start of tar observer
2019-05-13 14:45:26,382 Thread-3:Start of txt observer
2019-05-13 14:45:26,383 Thread-1:Start of tar observer
2019-05-13 14:45:41,643 Thread-1:Start of tar observer
2019-05-13 14:45:41,651 Thread-3:Start of txt observer
2019-05-13 14:45:53,839 Thread-3:Start of txt observer
2019-05-13 14:45:53,839 Thread-1:Start of tar observer
2019-05-13 14:48:17,865 Thread-3:Start of txt observer
2019-05-13 14:48:17,873 Thread-1:Start of tar observer
2019-05-13 14:49:18,831 Thread-3:Start of txt observer
2019-05-13 14:49:18,831 Thread-1:Start of tar observer
2019-05-13 14:49:32,295 Thread-3:Start of txt observer
2019-05-13 14:49:32,296 Thread-1:Start of tar observer
2019-05-13 15:50:41,895 Thread-3:Start of txt observer
2019-05-13 15:50:41,907 Thread-1:Start of tar observer
2019-05-13 15:55:07,981 Thread-11:Not Found: /if/data/
2019-05-13 16:26:37,721 Thread-13:Not Found: /if/data/
2019-05-13 16:26:47,023 Thread-15:Not Found: /if/data/
2019-05-13 16:26:57,487 Thread-17:Not Found: /if/data/
2019-05-13 16:54:07,832 Thread-1:Start of tar observer
2019-05-13 16:54:07,838 Thread-3:Start of txt observer
2019-05-13 17:00:27,491 Thread-3:Start of txt observer
2019-05-13 17:00:27,491 Thread-1:Start of tar observer
2019-05-13 17:05:55,910 Thread-11:Not Found: /if/data/
2019-05-13 17:10:22,208 Thread-1:Start of tar observer
2019-05-13 17:10:22,215 Thread-3:Start of txt observer
2019-05-13 17:45:33,461 Thread-14:Not Found: /if/data/
2019-05-13 17:45:42,693 Thread-16:Not Found: /if/data/
2019-05-14 09:14:38,987 Thread-3:Start of txt observer
2019-05-14 09:14:38,993 Thread-1:Start of tar observer
2019-05-14 10:02:45,400 Thread-3:Start of txt observer
2019-05-14 10:02:45,400 Thread-1:Start of tar observer
2019-05-14 11:08:02,838 Thread-17:Not Found: /if/data/
2019-05-14 11:44:54,215 Thread-19:Not Found: /if/data/
2019-05-14 11:45:18,780 Thread-20:Not Found: /if/exists/
2019-05-14 11:45:18,801 Thread-21:Not Found: /if/data/
2019-05-14 11:48:26,119 Thread-3:Start of txt observer
2019-05-14 11:48:26,129 Thread-1:Start of tar observer
2019-05-14 11:48:26,670 Thread-10:Not Found: /if/data/
2019-05-14 11:48:37,168 Thread-3:Start of txt observer
2019-05-14 11:48:37,169 Thread-1:Start of tar observer
2019-05-14 11:51:11,706 Thread-11:Not Found: /if/data/
2019-05-14 11:51:24,159 Thread-1:Start of tar observer
2019-05-14 11:51:24,159 Thread-3:Start of txt observer
2019-05-14 11:51:32,651 Thread-10:Not Found: /if/exists/
2019-05-14 11:57:39,459 Thread-3:Start of txt observer
2019-05-14 11:57:39,459 Thread-1:Start of tar observer
2019-05-14 12:02:07,193 Thread-3:Start of txt observer
2019-05-14 12:02:07,194 Thread-1:Start of tar observer
2019-05-14 12:03:06,306 Thread-3:Start of txt observer
2019-05-14 12:03:06,312 Thread-1:Start of tar observer
2019-05-14 12:03:09,120 Thread-3:Start of txt observer
2019-05-14 12:03:09,121 Thread-1:Start of tar observer
2019-05-14 12:03:46,769 Thread-3:Start of txt observer
2019-05-14 12:03:46,770 Thread-1:Start of tar observer
2019-05-14 12:06:30,816 Thread-3:Start of txt observer
2019-05-14 12:06:30,821 Thread-1:Start of tar observer
2019-05-14 12:07:26,488 Thread-3:Start of txt observer
2019-05-14 12:07:26,488 Thread-1:Start of tar observer
2019-05-14 12:08:12,581 Thread-1:Start of tar observer
2019-05-14 12:08:12,581 Thread-3:Start of txt observer
2019-05-14 12:08:30,607 Thread-1:Start of tar observer
2019-05-14 12:08:30,617 Thread-3:Start of txt observer
2019-05-14 12:12:00,583 Thread-3:Start of txt observer
2019-05-14 12:12:00,584 Thread-1:Start of tar observer
2019-05-14 12:12:25,134 Thread-3:Start of txt observer
2019-05-14 12:12:25,135 Thread-1:Start of tar observer
2019-05-14 12:13:32,259 Thread-3:Start of txt observer
2019-05-14 12:13:32,260 Thread-1:Start of tar observer
2019-05-14 12:13:50,578 Thread-10:Not Found: /if/data2/
2019-05-14 12:14:26,446 Thread-3:Start of txt observer
2019-05-14 12:14:26,446 Thread-1:Start of tar observer
2019-05-14 12:14:58,952 Thread-3:Start of txt observer
2019-05-14 12:14:58,953 Thread-1:Start of tar observer
2019-05-14 12:15:31,462 Thread-3:Start of txt observer
2019-05-14 12:15:31,465 Thread-1:Start of tar observer
2019-05-14 12:16:21,615 Thread-3:Start of txt observer
2019-05-14 12:16:21,616 Thread-1:Start of tar observer
2019-05-14 12:21:14,015 Thread-1:Start of tar observer
2019-05-14 12:21:14,016 Thread-3:Start of txt observer
2019-05-14 12:21:45,386 Thread-3:Start of txt observer
2019-05-14 12:21:45,387 Thread-1:Start of tar observer
2019-05-14 12:54:41,837 Thread-3:Start of txt observer
2019-05-14 12:54:41,837 Thread-1:Start of tar observer
2019-05-14 12:55:19,257 Thread-3:Start of txt observer
2019-05-14 12:55:19,257 Thread-1:Start of tar observer
2019-05-14 15:49:49,112 Thread-3:Start of txt observer
2019-05-14 15:49:49,113 Thread-1:Start of tar observer
2019-05-14 15:55:16,574 Thread-20:Not Found: /if/data/
2019-05-14 15:55:39,967 Thread-22:Not Found: /if/data/
2019-05-14 16:02:00,561 Thread-23:Not Found: /if/exists/
2019-05-14 16:28:20,305 Thread-3:Start of txt observer
2019-05-14 16:28:20,305 Thread-1:Start of tar observer
2019-05-15 09:01:30,468 Thread-3:Start of txt observer
2019-05-15 09:01:30,468 Thread-1:Start of tar observer
2019-05-15 11:50:13,081 Thread-17:Not Found: /if/data/
2019-05-15 12:41:34,618 Thread-19:Not Found: /if/data/
2019-05-15 13:23:21,106 Thread-21:Not Found: /if/data/
2019-05-15 13:23:43,944 Thread-23:Not Found: /if/data/
2019-05-15 13:54:12,308 Thread-25:Not Found: /if/data/
2019-05-15 14:08:06,216 Thread-27:Not Found: /if/data/
2019-05-15 14:09:03,497 Thread-29:Not Found: /if/data/
2019-05-15 14:09:29,706 Thread-31:Not Found: /if/data/
2019-05-15 14:21:57,974 Thread-33:Not Found: /if/data/
